Using pre-set license
Built from '2020.3/staging' branch; Version is '2020.3.5f1 (8095aa901b9b) revision 8426922'; Using compiler version '192528614'; Build Type 'Release'
OS: 'Windows 10 Pro; OS build 19044.1526; Version 2009; 64bit' Language: 'en' Physical Memory: 16305 MB
BatchMode: 1, IsHumanControllingUs: 0, StartBugReporterOnCrash: 0, Is64bit: 1, IsPro: 0

 COMMAND LINE ARGUMENTS:
C:\Program Files\Unity\Hub\Editor\2020.3.5f1\Editor\Unity.exe
-adb2
-batchMode
-noUpm
-name
AssetImportWorker0
-projectPath
C:/Users/Ahmet/Desktop/SuperGear
-logFile
Logs/AssetImportWorker0.log
-srvPort
64656
Successfully changed project path to: C:/Users/Ahmet/Desktop/SuperGear
C:/Users/Ahmet/Desktop/SuperGear
Using Asset Import Pipeline V2.
Refreshing native plugins compatible for Editor in 130.29 ms, found 0 plugins.
Preloading 0 native plugins for Editor in 0.00 ms.
Initialize engine version: 2020.3.5f1 (8095aa901b9b)
[Subsystems] Discovering subsystems at path C:/Program Files/Unity/Hub/Editor/2020.3.5f1/Editor/Data/Resources/UnitySubsystems
[Subsystems] Discovering subsystems at path C:/Users/Ahmet/Desktop/SuperGear/Assets
GfxDevice: creating device client; threaded=0
Direct3D:
    Version:  Direct3D 11.0 [level 11.1]
    Renderer: NVIDIA GeForce GTX 1060 (ID=0x1c20)
    Vendor:   
    VRAM:     6052 MB
    Driver:   24.21.13.9889
Initialize mono
Mono path[0] = 'C:/Program Files/Unity/Hub/Editor/2020.3.5f1/Editor/Data/Managed'
Mono path[1] = 'C:/Program Files/Unity/Hub/Editor/2020.3.5f1/Editor/Data/MonoBleedingEdge/lib/mono/unityjit'
Mono config path = 'C:/Program Files/Unity/Hub/Editor/2020.3.5f1/Editor/Data/MonoBleedingEdge/etc'
Using monoOptions --debugger-agent=transport=dt_socket,embedding=1,server=y,suspend=n,address=127.0.0.1:56884
Begin MonoManager ReloadAssembly
Registering precompiled unity dll's ...
Register platform support module: C:/Program Files/Unity/Hub/Editor/2020.3.5f1/Editor/Data/PlaybackEngines/WindowsStandaloneSupport/UnityEditor.WindowsStandalone.Extensions.dll
Registered in 0.003916 seconds.
Native extension for WindowsStandalone target not found
Refreshing native plugins compatible for Editor in 112.88 ms, found 0 plugins.
Preloading 0 native plugins for Editor in 0.00 ms.
Mono: successfully reloaded assembly
- Completed reload, in  4.503 seconds
Platform modules already initialized, skipping
Registering precompiled user dll's ...
Registered in 0.002342 seconds.
Begin MonoManager ReloadAssembly
Native extension for WindowsStandalone target not found
Refreshing native plugins compatible for Editor in 112.42 ms, found 0 plugins.
Preloading 0 native plugins for Editor in 0.00 ms.
Mono: successfully reloaded assembly
- Completed reload, in  2.039 seconds
Platform modules already initialized, skipping
========================================================================
Worker process is ready to serve import requests
Launched and connected shader compiler UnityShaderCompiler.exe after 0.08 seconds
Refreshing native plugins compatible for Editor in 1.53 ms, found 0 plugins.
Preloading 0 native plugins for Editor in 0.00 ms.
Unloading 3513 Unused Serialized files (Serialized files now loaded: 0)
System memory in use before: 177.0 MB.
System memory in use after: 177.1 MB.

Unloading 12 unused Assets to reduce memory usage. Loaded Objects now: 3973.
Total: 6.016900 ms (FindLiveObjects: 0.837400 ms CreateObjectMapping: 0.516800 ms MarkObjects: 4.493700 ms  DeleteObjects: 0.166600 ms)

========================================================================
Received Import Request.
  path: Assets/Prefabs/Cars/Car Blue.prefab
  artifactKey: Guid(3353ea4c09a1db8498cf911f19cac1a4) Importer(815301076,1909f56bfc062723c751e8b465ee728b)
Start importing Assets/Prefabs/Cars/Car Blue.prefab using Guid(3353ea4c09a1db8498cf911f19cac1a4) Importer(815301076,1909f56bfc062723c751e8b465ee728b) Launched and connected shader compiler UnityShaderCompiler.exe after 0.08 seconds
Launched and connected shader compiler UnityShaderCompiler.exe after 0.07 seconds
Launched and connected shader compiler UnityShaderCompiler.exe after 0.07 seconds
Launched and connected shader compiler UnityShaderCompiler.exe after 0.07 seconds
Launched and connected shader compiler UnityShaderCompiler.exe after 0.06 seconds
Launched and connected shader compiler UnityShaderCompiler.exe after 0.07 seconds
Launched and connected shader compiler UnityShaderCompiler.exe after 0.07 seconds
Launched and connected shader compiler UnityShaderCompiler.exe after 0.07 seconds
Launched and connected shader compiler UnityShaderCompiler.exe after 0.07 seconds
Launched and connected shader compiler UnityShaderCompiler.exe after 0.07 seconds
Launched and connected shader compiler UnityShaderCompiler.exe after 0.07 seconds
 -> (artifact id: 'dbd653831819f626d571722d0210dc95') in 2.036145 seconds
  Import took 2.049705 seconds .

========================================================================
Received Import Request.
  Time since last request: 0.000386 seconds.
  path: Assets/Prefabs/Cars/GreenRacingCar.prefab
  artifactKey: Guid(f833e897d044b874591581c81ca2715f) Importer(815301076,1909f56bfc062723c751e8b465ee728b)
Start importing Assets/Prefabs/Cars/GreenRacingCar.prefab using Guid(f833e897d044b874591581c81ca2715f) Importer(815301076,1909f56bfc062723c751e8b465ee728b)  -> (artifact id: '1b416137650ce4875bd247a65db5e774') in 0.129511 seconds
  Import took 0.143023 seconds .

========================================================================
Received Prepare
Registering precompiled user dll's ...
Registered in 0.004799 seconds.
Begin MonoManager ReloadAssembly
Native extension for WindowsStandalone target not found
Refreshing native plugins compatible for Editor in 1.19 ms, found 0 plugins.
Preloading 0 native plugins for Editor in 0.00 ms.
Mono: successfully reloaded assembly
- Completed reload, in  2.555 seconds
Platform modules already initialized, skipping
Refreshing native plugins compatible for Editor in 0.87 ms, found 0 plugins.
Preloading 0 native plugins for Editor in 0.00 ms.
Unloading 3234 Unused Serialized files (Serialized files now loaded: 0)
System memory in use before: 169.9 MB.
System memory in use after: 170.1 MB.

Unloading 7 unused Assets to reduce memory usage. Loaded Objects now: 4110.
Total: 5.825700 ms (FindLiveObjects: 0.560800 ms CreateObjectMapping: 0.378700 ms MarkObjects: 4.813300 ms  DeleteObjects: 0.070700 ms)

========================================================================
Received Prepare
Registering precompiled user dll's ...
Registered in 0.005446 seconds.
Begin MonoManager ReloadAssembly
Native extension for WindowsStandalone target not found
Refreshing native plugins compatible for Editor in 0.76 ms, found 0 plugins.
Preloading 0 native plugins for Editor in 0.00 ms.
Mono: successfully reloaded assembly
- Completed reload, in  1.781 seconds
Platform modules already initialized, skipping
Refreshing native plugins compatible for Editor in 0.63 ms, found 0 plugins.
Preloading 0 native plugins for Editor in 0.00 ms.
Unloading 3223 Unused Serialized files (Serialized files now loaded: 0)
System memory in use before: 169.6 MB.
System memory in use after: 169.9 MB.

Unloading 7 unused Assets to reduce memory usage. Loaded Objects now: 4113.
Total: 3.298500 ms (FindLiveObjects: 0.345100 ms CreateObjectMapping: 0.184600 ms MarkObjects: 2.692900 ms  DeleteObjects: 0.075000 ms)

========================================================================
Received Prepare
Registering precompiled user dll's ...
Registered in 0.002259 seconds.
Begin MonoManager ReloadAssembly
Native extension for WindowsStandalone target not found
Refreshing native plugins compatible for Editor in 0.94 ms, found 0 plugins.
Preloading 0 native plugins for Editor in 0.00 ms.
Mono: successfully reloaded assembly
- Completed reload, in  3.101 seconds
Platform modules already initialized, skipping
Refreshing native plugins compatible for Editor in 0.86 ms, found 0 plugins.
Preloading 0 native plugins for Editor in 0.00 ms.
Unloading 3223 Unused Serialized files (Serialized files now loaded: 0)
System memory in use before: 169.7 MB.
System memory in use after: 169.9 MB.

Unloading 7 unused Assets to reduce memory usage. Loaded Objects now: 4116.
Total: 7.202100 ms (FindLiveObjects: 0.641600 ms CreateObjectMapping: 0.410400 ms MarkObjects: 6.049200 ms  DeleteObjects: 0.098500 ms)

========================================================================
Received Import Request.
  Time since last request: 518.879731 seconds.
  path: Assets/Scripts/CarParts/CarTemplate.cs
  artifactKey: Guid(894d7ed9b820b99489a50086cce4f4bc) Importer(815301076,1909f56bfc062723c751e8b465ee728b)
Start importing Assets/Scripts/CarParts/CarTemplate.cs using Guid(894d7ed9b820b99489a50086cce4f4bc) Importer(815301076,1909f56bfc062723c751e8b465ee728b)  -> (artifact id: 'cefc899152c3b856e029410b2e1c2d56') in 0.048369 seconds
  Import took 0.065922 seconds .

========================================================================
Received Import Request.
  Time since last request: 0.004606 seconds.
  path: Assets/Scripts/CarParts/CarTemplate.cs
  artifactKey: Guid(894d7ed9b820b99489a50086cce4f4bc) Importer(815301076,1909f56bfc062723c751e8b465ee728b)
Start importing Assets/Scripts/CarParts/CarTemplate.cs using Guid(894d7ed9b820b99489a50086cce4f4bc) Importer(815301076,1909f56bfc062723c751e8b465ee728b)  -> (artifact id: 'cefc899152c3b856e029410b2e1c2d56') in 0.009900 seconds
  Import took 0.029749 seconds .

========================================================================
Received Import Request.
  Time since last request: 10.409586 seconds.
  path: Assets/CarTemplates(scriptable)/AudiR8.asset
  artifactKey: Guid(2553619519ca4064e9b11b1d9b5ef22f) Importer(815301076,1909f56bfc062723c751e8b465ee728b)
Start importing Assets/CarTemplates(scriptable)/AudiR8.asset using Guid(2553619519ca4064e9b11b1d9b5ef22f) Importer(815301076,1909f56bfc062723c751e8b465ee728b)  -> (artifact id: '151c12bd1b3079eca7bcd4b5d15de11d') in 0.069154 seconds
  Import took 0.084598 seconds .

========================================================================
Received Prepare
Registering precompiled user dll's ...
Registered in 0.002349 seconds.
Begin MonoManager ReloadAssembly
Native extension for WindowsStandalone target not found
Refreshing native plugins compatible for Editor in 0.99 ms, found 0 plugins.
Preloading 0 native plugins for Editor in 0.00 ms.
Mono: successfully reloaded assembly
- Completed reload, in  2.723 seconds
Platform modules already initialized, skipping
Refreshing native plugins compatible for Editor in 1.29 ms, found 0 plugins.
Preloading 0 native plugins for Editor in 0.00 ms.
Unloading 3223 Unused Serialized files (Serialized files now loaded: 0)
System memory in use before: 169.7 MB.
System memory in use after: 169.9 MB.

Unloading 7 unused Assets to reduce memory usage. Loaded Objects now: 4119.
Total: 5.856500 ms (FindLiveObjects: 0.484900 ms CreateObjectMapping: 0.244200 ms MarkObjects: 5.041000 ms  DeleteObjects: 0.083900 ms)

AssetImportWorkerClient::OnTransportError - code=2 error=End of file
