Using pre-set license
Built from '2020.3/staging' branch; Version is '2020.3.5f1 (8095aa901b9b) revision 8426922'; Using compiler version '192528614'; Build Type 'Release'
OS: 'Windows 10 Pro; OS build 19044.1526; Version 2009; 64bit' Language: 'en' Physical Memory: 16305 MB
BatchMode: 1, IsHumanControllingUs: 0, StartBugReporterOnCrash: 0, Is64bit: 1, IsPro: 0

 COMMAND LINE ARGUMENTS:
C:\Program Files\Unity\Hub\Editor\2020.3.5f1\Editor\Unity.exe
-adb2
-batchMode
-noUpm
-name
AssetImportWorker2
-projectPath
C:/Users/Ahmet/Desktop/SuperGear
-logFile
Logs/AssetImportWorker2.log
-srvPort
62654
Successfully changed project path to: C:/Users/Ahmet/Desktop/SuperGear
C:/Users/Ahmet/Desktop/SuperGear
Using Asset Import Pipeline V2.
Refreshing native plugins compatible for Editor in 32.15 ms, found 0 plugins.
Preloading 0 native plugins for Editor in 0.00 ms.
Initialize engine version: 2020.3.5f1 (8095aa901b9b)
[Subsystems] Discovering subsystems at path C:/Program Files/Unity/Hub/Editor/2020.3.5f1/Editor/Data/Resources/UnitySubsystems
[Subsystems] Discovering subsystems at path C:/Users/Ahmet/Desktop/SuperGear/Assets
GfxDevice: creating device client; threaded=0
Direct3D:
    Version:  Direct3D 11.0 [level 11.1]
    Renderer: NVIDIA GeForce GTX 1060 (ID=0x1c20)
    Vendor:   
    VRAM:     6052 MB
    Driver:   24.21.13.9889
Initialize mono
Mono path[0] = 'C:/Program Files/Unity/Hub/Editor/2020.3.5f1/Editor/Data/Managed'
Mono path[1] = 'C:/Program Files/Unity/Hub/Editor/2020.3.5f1/Editor/Data/MonoBleedingEdge/lib/mono/unityjit'
Mono config path = 'C:/Program Files/Unity/Hub/Editor/2020.3.5f1/Editor/Data/MonoBleedingEdge/etc'
Using monoOptions --debugger-agent=transport=dt_socket,embedding=1,server=y,suspend=n,address=127.0.0.1:56412
Begin MonoManager ReloadAssembly
Registering precompiled unity dll's ...
Register platform support module: C:/Program Files/Unity/Hub/Editor/2020.3.5f1/Editor/Data/PlaybackEngines/WindowsStandaloneSupport/UnityEditor.WindowsStandalone.Extensions.dll
Registered in 0.002678 seconds.
Native extension for WindowsStandalone target not found
Refreshing native plugins compatible for Editor in 32.90 ms, found 0 plugins.
Preloading 0 native plugins for Editor in 0.00 ms.
Mono: successfully reloaded assembly
- Completed reload, in  2.824 seconds
Platform modules already initialized, skipping
Registering precompiled user dll's ...
Registered in 0.000955 seconds.
Begin MonoManager ReloadAssembly
Native extension for WindowsStandalone target not found
Refreshing native plugins compatible for Editor in 0.22 ms, found 0 plugins.
Preloading 0 native plugins for Editor in 0.00 ms.
Mono: successfully reloaded assembly
- Completed reload, in  1.036 seconds
Platform modules already initialized, skipping
========================================================================
Worker process is ready to serve import requests
Launched and connected shader compiler UnityShaderCompiler.exe after 0.08 seconds
Refreshing native plugins compatible for Editor in 0.22 ms, found 0 plugins.
Preloading 0 native plugins for Editor in 0.00 ms.
Unloading 1287 Unused Serialized files (Serialized files now loaded: 0)
System memory in use before: 64.8 MB.
System memory in use after: 64.8 MB.

Unloading 11 unused Assets to reduce memory usage. Loaded Objects now: 1730.
Total: 1.919000 ms (FindLiveObjects: 0.141100 ms CreateObjectMapping: 0.059200 ms MarkObjects: 1.640000 ms  DeleteObjects: 0.077400 ms)

========================================================================
Received Import Request.
  path: Assets/Prefabs/Cars/Car Blue.prefab
  artifactKey: Guid(3353ea4c09a1db8498cf911f19cac1a4) Importer(815301076,1909f56bfc062723c751e8b465ee728b)
Start importing Assets/Prefabs/Cars/Car Blue.prefab using Guid(3353ea4c09a1db8498cf911f19cac1a4) Importer(815301076,1909f56bfc062723c751e8b465ee728b)  -> (artifact id: '352935d1726310b2d05d37dc741dafc4') in 0.167949 seconds
  Import took 0.171183 seconds .

========================================================================
Received Prepare
Registering precompiled user dll's ...
Registered in 0.001056 seconds.
Begin MonoManager ReloadAssembly
Native extension for WindowsStandalone target not found
Refreshing native plugins compatible for Editor in 0.22 ms, found 0 plugins.
Preloading 0 native plugins for Editor in 0.00 ms.
Mono: successfully reloaded assembly
- Completed reload, in  0.897 seconds
Platform modules already initialized, skipping
Refreshing native plugins compatible for Editor in 0.25 ms, found 0 plugins.
Preloading 0 native plugins for Editor in 0.00 ms.
Unloading 1265 Unused Serialized files (Serialized files now loaded: 0)
System memory in use before: 66.4 MB.
System memory in use after: 66.4 MB.

Unloading 8 unused Assets to reduce memory usage. Loaded Objects now: 1738.
Total: 1.727700 ms (FindLiveObjects: 0.221900 ms CreateObjectMapping: 0.055200 ms MarkObjects: 1.399200 ms  DeleteObjects: 0.050500 ms)

========================================================================
Received Import Request.
  Time since last request: 137.738720 seconds.
  path: Assets/Prefabs/Cars/Car Blue.prefab
  artifactKey: Guid(3353ea4c09a1db8498cf911f19cac1a4) Importer(815301076,1909f56bfc062723c751e8b465ee728b)
Start importing Assets/Prefabs/Cars/Car Blue.prefab using Guid(3353ea4c09a1db8498cf911f19cac1a4) Importer(815301076,1909f56bfc062723c751e8b465ee728b)  -> (artifact id: 'f96bf3b8f92298bc521642947ec817f7') in 0.092140 seconds
  Import took 0.095641 seconds .

========================================================================
Received Prepare
Registering precompiled user dll's ...
Registered in 0.000756 seconds.
Begin MonoManager ReloadAssembly
Native extension for WindowsStandalone target not found
Refreshing native plugins compatible for Editor in 0.24 ms, found 0 plugins.
Preloading 0 native plugins for Editor in 0.00 ms.
Mono: successfully reloaded assembly
- Completed reload, in  0.980 seconds
Platform modules already initialized, skipping
Refreshing native plugins compatible for Editor in 0.25 ms, found 0 plugins.
Preloading 0 native plugins for Editor in 0.00 ms.
Unloading 1265 Unused Serialized files (Serialized files now loaded: 0)
System memory in use before: 66.4 MB.
System memory in use after: 66.5 MB.

Unloading 6 unused Assets to reduce memory usage. Loaded Objects now: 1742.
Total: 2.273900 ms (FindLiveObjects: 0.170500 ms CreateObjectMapping: 0.061300 ms MarkObjects: 1.986100 ms  DeleteObjects: 0.054600 ms)

========================================================================
Received Prepare
Registering precompiled user dll's ...
Registered in 0.000770 seconds.
Begin MonoManager ReloadAssembly
Native extension for WindowsStandalone target not found
Refreshing native plugins compatible for Editor in 0.23 ms, found 0 plugins.
Preloading 0 native plugins for Editor in 0.00 ms.
Mono: successfully reloaded assembly
- Completed reload, in  0.777 seconds
Platform modules already initialized, skipping
Refreshing native plugins compatible for Editor in 0.22 ms, found 0 plugins.
Preloading 0 native plugins for Editor in 0.00 ms.
Unloading 1265 Unused Serialized files (Serialized files now loaded: 0)
System memory in use before: 66.4 MB.
System memory in use after: 66.5 MB.

Unloading 6 unused Assets to reduce memory usage. Loaded Objects now: 1745.
Total: 2.627400 ms (FindLiveObjects: 0.292900 ms CreateObjectMapping: 0.120400 ms MarkObjects: 2.141400 ms  DeleteObjects: 0.070300 ms)

========================================================================
Received Prepare
Registering precompiled user dll's ...
Registered in 0.000709 seconds.
Begin MonoManager ReloadAssembly
Native extension for WindowsStandalone target not found
Refreshing native plugins compatible for Editor in 0.22 ms, found 0 plugins.
Preloading 0 native plugins for Editor in 0.00 ms.
Mono: successfully reloaded assembly
- Completed reload, in  0.834 seconds
Platform modules already initialized, skipping
Refreshing native plugins compatible for Editor in 0.23 ms, found 0 plugins.
Preloading 0 native plugins for Editor in 0.00 ms.
Unloading 1265 Unused Serialized files (Serialized files now loaded: 0)
System memory in use before: 66.5 MB.
System memory in use after: 66.5 MB.

Unloading 6 unused Assets to reduce memory usage. Loaded Objects now: 1748.
Total: 2.306600 ms (FindLiveObjects: 0.164200 ms CreateObjectMapping: 0.045900 ms MarkObjects: 2.045200 ms  DeleteObjects: 0.050500 ms)

========================================================================
Received Prepare
Registering precompiled user dll's ...
Registered in 0.000678 seconds.
Begin MonoManager ReloadAssembly
Native extension for WindowsStandalone target not found
Refreshing native plugins compatible for Editor in 0.23 ms, found 0 plugins.
Preloading 0 native plugins for Editor in 0.00 ms.
Mono: successfully reloaded assembly
- Completed reload, in  0.844 seconds
Platform modules already initialized, skipping
Refreshing native plugins compatible for Editor in 0.24 ms, found 0 plugins.
Preloading 0 native plugins for Editor in 0.00 ms.
Unloading 1265 Unused Serialized files (Serialized files now loaded: 0)
System memory in use before: 66.5 MB.
System memory in use after: 66.5 MB.

Unloading 6 unused Assets to reduce memory usage. Loaded Objects now: 1751.
Total: 2.483500 ms (FindLiveObjects: 0.235600 ms CreateObjectMapping: 0.071100 ms MarkObjects: 2.129800 ms  DeleteObjects: 0.045900 ms)

========================================================================
Received Prepare
Registering precompiled user dll's ...
Registered in 0.000797 seconds.
Begin MonoManager ReloadAssembly
Native extension for WindowsStandalone target not found
Refreshing native plugins compatible for Editor in 0.23 ms, found 0 plugins.
Preloading 0 native plugins for Editor in 0.00 ms.
Mono: successfully reloaded assembly
- Completed reload, in  0.879 seconds
Platform modules already initialized, skipping
Refreshing native plugins compatible for Editor in 0.25 ms, found 0 plugins.
Preloading 0 native plugins for Editor in 0.00 ms.
Unloading 1265 Unused Serialized files (Serialized files now loaded: 0)
System memory in use before: 66.5 MB.
System memory in use after: 66.5 MB.

Unloading 6 unused Assets to reduce memory usage. Loaded Objects now: 1754.
Total: 2.664600 ms (FindLiveObjects: 0.206600 ms CreateObjectMapping: 0.067500 ms MarkObjects: 2.338600 ms  DeleteObjects: 0.050700 ms)

========================================================================
Received Prepare
Registering precompiled user dll's ...
Registered in 0.000945 seconds.
Begin MonoManager ReloadAssembly
Native extension for WindowsStandalone target not found
Refreshing native plugins compatible for Editor in 0.22 ms, found 0 plugins.
Preloading 0 native plugins for Editor in 0.00 ms.
Mono: successfully reloaded assembly
- Completed reload, in  0.814 seconds
Platform modules already initialized, skipping
Refreshing native plugins compatible for Editor in 0.28 ms, found 0 plugins.
Preloading 0 native plugins for Editor in 0.00 ms.
Unloading 1265 Unused Serialized files (Serialized files now loaded: 0)
System memory in use before: 66.5 MB.
System memory in use after: 66.6 MB.

Unloading 6 unused Assets to reduce memory usage. Loaded Objects now: 1757.
Total: 1.889600 ms (FindLiveObjects: 0.173400 ms CreateObjectMapping: 0.057400 ms MarkObjects: 1.606300 ms  DeleteObjects: 0.051500 ms)

========================================================================
Received Prepare
Registering precompiled user dll's ...
Registered in 0.000717 seconds.
Begin MonoManager ReloadAssembly
Native extension for WindowsStandalone target not found
Refreshing native plugins compatible for Editor in 0.22 ms, found 0 plugins.
Preloading 0 native plugins for Editor in 0.00 ms.
Mono: successfully reloaded assembly
- Completed reload, in  0.824 seconds
Platform modules already initialized, skipping
Refreshing native plugins compatible for Editor in 0.25 ms, found 0 plugins.
Preloading 0 native plugins for Editor in 0.00 ms.
Unloading 1265 Unused Serialized files (Serialized files now loaded: 0)
System memory in use before: 66.5 MB.
System memory in use after: 66.6 MB.

Unloading 6 unused Assets to reduce memory usage. Loaded Objects now: 1760.
Total: 2.732300 ms (FindLiveObjects: 0.157600 ms CreateObjectMapping: 0.052100 ms MarkObjects: 2.470200 ms  DeleteObjects: 0.051700 ms)

========================================================================
Received Prepare
Registering precompiled user dll's ...
Registered in 0.000743 seconds.
Begin MonoManager ReloadAssembly
Native extension for WindowsStandalone target not found
Refreshing native plugins compatible for Editor in 0.22 ms, found 0 plugins.
Preloading 0 native plugins for Editor in 0.00 ms.
Mono: successfully reloaded assembly
- Completed reload, in  0.818 seconds
Platform modules already initialized, skipping
Refreshing native plugins compatible for Editor in 0.22 ms, found 0 plugins.
Preloading 0 native plugins for Editor in 0.00 ms.
Unloading 1265 Unused Serialized files (Serialized files now loaded: 0)
System memory in use before: 66.5 MB.
System memory in use after: 66.6 MB.

Unloading 6 unused Assets to reduce memory usage. Loaded Objects now: 1763.
Total: 1.830300 ms (FindLiveObjects: 0.128500 ms CreateObjectMapping: 0.038600 ms MarkObjects: 1.615800 ms  DeleteObjects: 0.046700 ms)

========================================================================
Received Prepare
Registering precompiled user dll's ...
Registered in 0.000673 seconds.
Begin MonoManager ReloadAssembly
Native extension for WindowsStandalone target not found
Refreshing native plugins compatible for Editor in 0.22 ms, found 0 plugins.
Preloading 0 native plugins for Editor in 0.00 ms.
Mono: successfully reloaded assembly
- Completed reload, in  0.867 seconds
Platform modules already initialized, skipping
Refreshing native plugins compatible for Editor in 0.26 ms, found 0 plugins.
Preloading 0 native plugins for Editor in 0.00 ms.
Unloading 1265 Unused Serialized files (Serialized files now loaded: 0)
System memory in use before: 66.5 MB.
System memory in use after: 66.6 MB.

Unloading 6 unused Assets to reduce memory usage. Loaded Objects now: 1766.
Total: 2.664200 ms (FindLiveObjects: 0.298700 ms CreateObjectMapping: 0.058700 ms MarkObjects: 2.238000 ms  DeleteObjects: 0.067400 ms)

========================================================================
Received Prepare
Registering precompiled user dll's ...
Registered in 0.000942 seconds.
Begin MonoManager ReloadAssembly
Native extension for WindowsStandalone target not found
Refreshing native plugins compatible for Editor in 0.21 ms, found 0 plugins.
Preloading 0 native plugins for Editor in 0.00 ms.
Mono: successfully reloaded assembly
- Completed reload, in  0.937 seconds
Platform modules already initialized, skipping
Refreshing native plugins compatible for Editor in 0.23 ms, found 0 plugins.
Preloading 0 native plugins for Editor in 0.00 ms.
Unloading 1265 Unused Serialized files (Serialized files now loaded: 0)
System memory in use before: 66.5 MB.
System memory in use after: 66.6 MB.

Unloading 6 unused Assets to reduce memory usage. Loaded Objects now: 1769.
Total: 2.167800 ms (FindLiveObjects: 0.193600 ms CreateObjectMapping: 0.049400 ms MarkObjects: 1.857400 ms  DeleteObjects: 0.065700 ms)

========================================================================
Received Prepare
Registering precompiled user dll's ...
Registered in 0.000952 seconds.
Begin MonoManager ReloadAssembly
Native extension for WindowsStandalone target not found
Refreshing native plugins compatible for Editor in 0.24 ms, found 0 plugins.
Preloading 0 native plugins for Editor in 0.00 ms.
Mono: successfully reloaded assembly
- Completed reload, in  0.926 seconds
Platform modules already initialized, skipping
Refreshing native plugins compatible for Editor in 0.22 ms, found 0 plugins.
Preloading 0 native plugins for Editor in 0.00 ms.
Unloading 1265 Unused Serialized files (Serialized files now loaded: 0)
System memory in use before: 66.5 MB.
System memory in use after: 66.6 MB.

Unloading 6 unused Assets to reduce memory usage. Loaded Objects now: 1772.
Total: 1.712000 ms (FindLiveObjects: 0.149800 ms CreateObjectMapping: 0.046800 ms MarkObjects: 1.464800 ms  DeleteObjects: 0.049800 ms)

========================================================================
Received Prepare
Registering precompiled user dll's ...
Registered in 0.001035 seconds.
Begin MonoManager ReloadAssembly
Native extension for WindowsStandalone target not found
Refreshing native plugins compatible for Editor in 0.24 ms, found 0 plugins.
Preloading 0 native plugins for Editor in 0.00 ms.
Mono: successfully reloaded assembly
- Completed reload, in  1.124 seconds
Platform modules already initialized, skipping
Refreshing native plugins compatible for Editor in 0.25 ms, found 0 plugins.
Preloading 0 native plugins for Editor in 0.00 ms.
Unloading 1266 Unused Serialized files (Serialized files now loaded: 0)
System memory in use before: 66.5 MB.
System memory in use after: 66.6 MB.

Unloading 6 unused Assets to reduce memory usage. Loaded Objects now: 1776.
Total: 1.826600 ms (FindLiveObjects: 0.162400 ms CreateObjectMapping: 0.046600 ms MarkObjects: 1.562000 ms  DeleteObjects: 0.054000 ms)

========================================================================
Received Prepare
Registering precompiled user dll's ...
Registered in 0.000738 seconds.
Begin MonoManager ReloadAssembly
Native extension for WindowsStandalone target not found
Refreshing native plugins compatible for Editor in 0.23 ms, found 0 plugins.
Preloading 0 native plugins for Editor in 0.00 ms.
Mono: successfully reloaded assembly
- Completed reload, in  0.853 seconds
Platform modules already initialized, skipping
Refreshing native plugins compatible for Editor in 0.26 ms, found 0 plugins.
Preloading 0 native plugins for Editor in 0.00 ms.
Unloading 1266 Unused Serialized files (Serialized files now loaded: 0)
System memory in use before: 66.5 MB.
System memory in use after: 66.6 MB.

Unloading 6 unused Assets to reduce memory usage. Loaded Objects now: 1779.
Total: 2.004300 ms (FindLiveObjects: 0.149200 ms CreateObjectMapping: 0.042300 ms MarkObjects: 1.759400 ms  DeleteObjects: 0.051700 ms)

========================================================================
Received Prepare
Registering precompiled user dll's ...
Registered in 0.000794 seconds.
Begin MonoManager ReloadAssembly
Native extension for WindowsStandalone target not found
Refreshing native plugins compatible for Editor in 0.24 ms, found 0 plugins.
Preloading 0 native plugins for Editor in 0.00 ms.
Mono: successfully reloaded assembly
- Completed reload, in  0.872 seconds
Platform modules already initialized, skipping
Refreshing native plugins compatible for Editor in 0.24 ms, found 0 plugins.
Preloading 0 native plugins for Editor in 0.00 ms.
Unloading 1266 Unused Serialized files (Serialized files now loaded: 0)
System memory in use before: 66.5 MB.
System memory in use after: 66.6 MB.

Unloading 6 unused Assets to reduce memory usage. Loaded Objects now: 1782.
Total: 3.459300 ms (FindLiveObjects: 0.193300 ms CreateObjectMapping: 0.070000 ms MarkObjects: 3.127400 ms  DeleteObjects: 0.067400 ms)

========================================================================
Received Prepare
Registering precompiled user dll's ...
Registered in 0.000712 seconds.
Begin MonoManager ReloadAssembly
Native extension for WindowsStandalone target not found
Refreshing native plugins compatible for Editor in 0.23 ms, found 0 plugins.
Preloading 0 native plugins for Editor in 0.00 ms.
Mono: successfully reloaded assembly
- Completed reload, in  0.851 seconds
Platform modules already initialized, skipping
Refreshing native plugins compatible for Editor in 0.24 ms, found 0 plugins.
Preloading 0 native plugins for Editor in 0.00 ms.
Unloading 1266 Unused Serialized files (Serialized files now loaded: 0)
System memory in use before: 66.5 MB.
System memory in use after: 66.6 MB.

Unloading 6 unused Assets to reduce memory usage. Loaded Objects now: 1785.
Total: 2.575100 ms (FindLiveObjects: 0.210800 ms CreateObjectMapping: 0.059600 ms MarkObjects: 2.234600 ms  DeleteObjects: 0.068900 ms)

========================================================================
Received Prepare
Registering precompiled user dll's ...
Registered in 0.000778 seconds.
Begin MonoManager ReloadAssembly
Native extension for WindowsStandalone target not found
Refreshing native plugins compatible for Editor in 0.25 ms, found 0 plugins.
Preloading 0 native plugins for Editor in 0.00 ms.
Mono: successfully reloaded assembly
- Completed reload, in  0.930 seconds
Platform modules already initialized, skipping
Refreshing native plugins compatible for Editor in 0.24 ms, found 0 plugins.
Preloading 0 native plugins for Editor in 0.00 ms.
Unloading 1266 Unused Serialized files (Serialized files now loaded: 0)
System memory in use before: 66.5 MB.
System memory in use after: 66.6 MB.

Unloading 6 unused Assets to reduce memory usage. Loaded Objects now: 1788.
Total: 3.689300 ms (FindLiveObjects: 0.194800 ms CreateObjectMapping: 0.067500 ms MarkObjects: 3.357600 ms  DeleteObjects: 0.068000 ms)

========================================================================
Received Prepare
Registering precompiled user dll's ...
Registered in 0.000635 seconds.
Begin MonoManager ReloadAssembly
Native extension for WindowsStandalone target not found
Refreshing native plugins compatible for Editor in 0.21 ms, found 0 plugins.
Preloading 0 native plugins for Editor in 0.00 ms.
Mono: successfully reloaded assembly
- Completed reload, in  0.865 seconds
Platform modules already initialized, skipping
Refreshing native plugins compatible for Editor in 0.21 ms, found 0 plugins.
Preloading 0 native plugins for Editor in 0.00 ms.
Unloading 1266 Unused Serialized files (Serialized files now loaded: 0)
System memory in use before: 66.5 MB.
System memory in use after: 66.6 MB.

Unloading 6 unused Assets to reduce memory usage. Loaded Objects now: 1791.
Total: 1.541400 ms (FindLiveObjects: 0.129800 ms CreateObjectMapping: 0.043100 ms MarkObjects: 1.324000 ms  DeleteObjects: 0.043300 ms)

========================================================================
Received Prepare
Registering precompiled user dll's ...
Registered in 0.000671 seconds.
Begin MonoManager ReloadAssembly
Native extension for WindowsStandalone target not found
Refreshing native plugins compatible for Editor in 0.24 ms, found 0 plugins.
Preloading 0 native plugins for Editor in 0.00 ms.
Mono: successfully reloaded assembly
- Completed reload, in  0.899 seconds
Platform modules already initialized, skipping
Refreshing native plugins compatible for Editor in 0.24 ms, found 0 plugins.
Preloading 0 native plugins for Editor in 0.00 ms.
Unloading 1266 Unused Serialized files (Serialized files now loaded: 0)
System memory in use before: 66.6 MB.
System memory in use after: 66.6 MB.

Unloading 6 unused Assets to reduce memory usage. Loaded Objects now: 1794.
Total: 3.191500 ms (FindLiveObjects: 0.234700 ms CreateObjectMapping: 0.089500 ms MarkObjects: 2.798600 ms  DeleteObjects: 0.067500 ms)

========================================================================
Received Prepare
Registering precompiled user dll's ...
Registered in 0.000798 seconds.
Begin MonoManager ReloadAssembly
Native extension for WindowsStandalone target not found
Refreshing native plugins compatible for Editor in 0.22 ms, found 0 plugins.
Preloading 0 native plugins for Editor in 0.00 ms.
Mono: successfully reloaded assembly
- Completed reload, in  0.838 seconds
Platform modules already initialized, skipping
Refreshing native plugins compatible for Editor in 0.23 ms, found 0 plugins.
Preloading 0 native plugins for Editor in 0.00 ms.
Unloading 1266 Unused Serialized files (Serialized files now loaded: 0)
System memory in use before: 66.6 MB.
System memory in use after: 66.6 MB.

Unloading 6 unused Assets to reduce memory usage. Loaded Objects now: 1797.
Total: 1.781900 ms (FindLiveObjects: 0.152300 ms CreateObjectMapping: 0.048900 ms MarkObjects: 1.533900 ms  DeleteObjects: 0.045800 ms)

========================================================================
Received Prepare
Registering precompiled user dll's ...
Registered in 0.000628 seconds.
Begin MonoManager ReloadAssembly
Native extension for WindowsStandalone target not found
Refreshing native plugins compatible for Editor in 0.23 ms, found 0 plugins.
Preloading 0 native plugins for Editor in 0.00 ms.
Mono: successfully reloaded assembly
- Completed reload, in  0.834 seconds
Platform modules already initialized, skipping
Refreshing native plugins compatible for Editor in 0.24 ms, found 0 plugins.
Preloading 0 native plugins for Editor in 0.00 ms.
Unloading 1266 Unused Serialized files (Serialized files now loaded: 0)
System memory in use before: 66.6 MB.
System memory in use after: 66.6 MB.

Unloading 6 unused Assets to reduce memory usage. Loaded Objects now: 1800.
Total: 3.988900 ms (FindLiveObjects: 0.288000 ms CreateObjectMapping: 0.111000 ms MarkObjects: 3.523200 ms  DeleteObjects: 0.065300 ms)

========================================================================
Received Prepare
Registering precompiled user dll's ...
Registered in 0.000675 seconds.
Begin MonoManager ReloadAssembly
Native extension for WindowsStandalone target not found
Refreshing native plugins compatible for Editor in 0.23 ms, found 0 plugins.
Preloading 0 native plugins for Editor in 0.00 ms.
Mono: successfully reloaded assembly
- Completed reload, in  0.871 seconds
Platform modules already initialized, skipping
Refreshing native plugins compatible for Editor in 0.29 ms, found 0 plugins.
Preloading 0 native plugins for Editor in 0.00 ms.
Unloading 1266 Unused Serialized files (Serialized files now loaded: 0)
System memory in use before: 66.6 MB.
System memory in use after: 66.6 MB.

Unloading 6 unused Assets to reduce memory usage. Loaded Objects now: 1803.
Total: 1.865500 ms (FindLiveObjects: 0.150200 ms CreateObjectMapping: 0.056800 ms MarkObjects: 1.605900 ms  DeleteObjects: 0.051600 ms)

========================================================================
Received Prepare
Registering precompiled user dll's ...
Registered in 0.000677 seconds.
Begin MonoManager ReloadAssembly
Native extension for WindowsStandalone target not found
Refreshing native plugins compatible for Editor in 0.22 ms, found 0 plugins.
Preloading 0 native plugins for Editor in 0.00 ms.
Mono: successfully reloaded assembly
- Completed reload, in  0.931 seconds
Platform modules already initialized, skipping
Refreshing native plugins compatible for Editor in 0.22 ms, found 0 plugins.
Preloading 0 native plugins for Editor in 0.00 ms.
Unloading 1266 Unused Serialized files (Serialized files now loaded: 0)
System memory in use before: 66.6 MB.
System memory in use after: 66.7 MB.

Unloading 6 unused Assets to reduce memory usage. Loaded Objects now: 1806.
Total: 4.024500 ms (FindLiveObjects: 0.185100 ms CreateObjectMapping: 0.065900 ms MarkObjects: 3.703900 ms  DeleteObjects: 0.068000 ms)

========================================================================
Received Prepare
Registering precompiled user dll's ...
Registered in 0.000777 seconds.
Begin MonoManager ReloadAssembly
Native extension for WindowsStandalone target not found
Refreshing native plugins compatible for Editor in 0.23 ms, found 0 plugins.
Preloading 0 native plugins for Editor in 0.00 ms.
Mono: successfully reloaded assembly
- Completed reload, in  0.899 seconds
Platform modules already initialized, skipping
Refreshing native plugins compatible for Editor in 0.24 ms, found 0 plugins.
Preloading 0 native plugins for Editor in 0.00 ms.
Unloading 1266 Unused Serialized files (Serialized files now loaded: 0)
System memory in use before: 66.6 MB.
System memory in use after: 66.7 MB.

Unloading 6 unused Assets to reduce memory usage. Loaded Objects now: 1809.
Total: 2.114300 ms (FindLiveObjects: 0.162500 ms CreateObjectMapping: 0.050800 ms MarkObjects: 1.848900 ms  DeleteObjects: 0.051400 ms)

========================================================================
Received Prepare
Registering precompiled user dll's ...
Registered in 0.000730 seconds.
Begin MonoManager ReloadAssembly
Native extension for WindowsStandalone target not found
Refreshing native plugins compatible for Editor in 0.21 ms, found 0 plugins.
Preloading 0 native plugins for Editor in 0.00 ms.
Mono: successfully reloaded assembly
- Completed reload, in  0.928 seconds
Platform modules already initialized, skipping
Refreshing native plugins compatible for Editor in 0.24 ms, found 0 plugins.
Preloading 0 native plugins for Editor in 0.00 ms.
Unloading 1266 Unused Serialized files (Serialized files now loaded: 0)
System memory in use before: 66.6 MB.
System memory in use after: 66.7 MB.

Unloading 6 unused Assets to reduce memory usage. Loaded Objects now: 1812.
Total: 4.130100 ms (FindLiveObjects: 0.268100 ms CreateObjectMapping: 0.078000 ms MarkObjects: 3.718500 ms  DeleteObjects: 0.063200 ms)

========================================================================
Received Prepare
Registering precompiled user dll's ...
Registered in 0.000632 seconds.
Begin MonoManager ReloadAssembly
Native extension for WindowsStandalone target not found
Refreshing native plugins compatible for Editor in 0.21 ms, found 0 plugins.
Preloading 0 native plugins for Editor in 0.00 ms.
Mono: successfully reloaded assembly
- Completed reload, in  0.868 seconds
Platform modules already initialized, skipping
Refreshing native plugins compatible for Editor in 0.22 ms, found 0 plugins.
Preloading 0 native plugins for Editor in 0.00 ms.
Unloading 1266 Unused Serialized files (Serialized files now loaded: 0)
System memory in use before: 66.6 MB.
System memory in use after: 66.7 MB.

Unloading 6 unused Assets to reduce memory usage. Loaded Objects now: 1815.
Total: 1.794700 ms (FindLiveObjects: 0.138200 ms CreateObjectMapping: 0.045500 ms MarkObjects: 1.563400 ms  DeleteObjects: 0.046500 ms)

========================================================================
Received Prepare
Registering precompiled user dll's ...
Registered in 0.000599 seconds.
Begin MonoManager ReloadAssembly
Native extension for WindowsStandalone target not found
Refreshing native plugins compatible for Editor in 0.22 ms, found 0 plugins.
Preloading 0 native plugins for Editor in 0.00 ms.
Mono: successfully reloaded assembly
- Completed reload, in  0.857 seconds
Platform modules already initialized, skipping
Refreshing native plugins compatible for Editor in 0.23 ms, found 0 plugins.
Preloading 0 native plugins for Editor in 0.00 ms.
Unloading 1266 Unused Serialized files (Serialized files now loaded: 0)
System memory in use before: 66.6 MB.
System memory in use after: 66.7 MB.

Unloading 6 unused Assets to reduce memory usage. Loaded Objects now: 1818.
Total: 2.614400 ms (FindLiveObjects: 0.223600 ms CreateObjectMapping: 0.074200 ms MarkObjects: 2.251600 ms  DeleteObjects: 0.062900 ms)

========================================================================
Received Prepare
Registering precompiled user dll's ...
Registered in 0.000729 seconds.
Begin MonoManager ReloadAssembly
Native extension for WindowsStandalone target not found
Refreshing native plugins compatible for Editor in 0.23 ms, found 0 plugins.
Preloading 0 native plugins for Editor in 0.00 ms.
Mono: successfully reloaded assembly
- Completed reload, in  0.882 seconds
Platform modules already initialized, skipping
Refreshing native plugins compatible for Editor in 0.23 ms, found 0 plugins.
Preloading 0 native plugins for Editor in 0.00 ms.
Unloading 1266 Unused Serialized files (Serialized files now loaded: 0)
System memory in use before: 66.6 MB.
System memory in use after: 66.7 MB.

Unloading 6 unused Assets to reduce memory usage. Loaded Objects now: 1821.
Total: 2.692000 ms (FindLiveObjects: 0.200500 ms CreateObjectMapping: 0.060900 ms MarkObjects: 2.362800 ms  DeleteObjects: 0.066400 ms)

========================================================================
Received Import Request.
  Time since last request: 2173.269923 seconds.
  path: Assets/Prefabs/Cars/Car Blue.prefab
  artifactKey: Guid(3353ea4c09a1db8498cf911f19cac1a4) Importer(815301076,1909f56bfc062723c751e8b465ee728b)
Start importing Assets/Prefabs/Cars/Car Blue.prefab using Guid(3353ea4c09a1db8498cf911f19cac1a4) Importer(815301076,1909f56bfc062723c751e8b465ee728b)  -> (artifact id: 'c035f8d9bb0f27345553ac6c72b7b685') in 0.087527 seconds
  Import took 0.090348 seconds .

========================================================================
Received Prepare
Registering precompiled user dll's ...
Registered in 0.000712 seconds.
Begin MonoManager ReloadAssembly
Native extension for WindowsStandalone target not found
Refreshing native plugins compatible for Editor in 0.24 ms, found 0 plugins.
Preloading 0 native plugins for Editor in 0.00 ms.
Mono: successfully reloaded assembly
- Completed reload, in  0.865 seconds
Platform modules already initialized, skipping
Refreshing native plugins compatible for Editor in 0.23 ms, found 0 plugins.
Preloading 0 native plugins for Editor in 0.00 ms.
Unloading 1266 Unused Serialized files (Serialized files now loaded: 0)
System memory in use before: 66.6 MB.
System memory in use after: 66.7 MB.

Unloading 6 unused Assets to reduce memory usage. Loaded Objects now: 1825.
Total: 2.225300 ms (FindLiveObjects: 0.178600 ms CreateObjectMapping: 0.064100 ms MarkObjects: 1.926000 ms  DeleteObjects: 0.055000 ms)

========================================================================
Received Prepare
Registering precompiled user dll's ...
Registered in 0.000890 seconds.
Begin MonoManager ReloadAssembly
Native extension for WindowsStandalone target not found
Refreshing native plugins compatible for Editor in 0.25 ms, found 0 plugins.
Preloading 0 native plugins for Editor in 0.00 ms.
Mono: successfully reloaded assembly
- Completed reload, in  0.951 seconds
Platform modules already initialized, skipping
Refreshing native plugins compatible for Editor in 0.27 ms, found 0 plugins.
Preloading 0 native plugins for Editor in 0.00 ms.
Unloading 1266 Unused Serialized files (Serialized files now loaded: 0)
System memory in use before: 66.6 MB.
System memory in use after: 66.7 MB.

Unloading 6 unused Assets to reduce memory usage. Loaded Objects now: 1828.
Total: 3.046500 ms (FindLiveObjects: 0.177200 ms CreateObjectMapping: 0.051300 ms MarkObjects: 2.762600 ms  DeleteObjects: 0.054200 ms)

========================================================================
Received Prepare
Registering precompiled user dll's ...
Registered in 0.000692 seconds.
Begin MonoManager ReloadAssembly
Native extension for WindowsStandalone target not found
Refreshing native plugins compatible for Editor in 0.25 ms, found 0 plugins.
Preloading 0 native plugins for Editor in 0.00 ms.
Mono: successfully reloaded assembly
- Completed reload, in  0.915 seconds
Platform modules already initialized, skipping
Refreshing native plugins compatible for Editor in 0.24 ms, found 0 plugins.
Preloading 0 native plugins for Editor in 0.00 ms.
Unloading 1266 Unused Serialized files (Serialized files now loaded: 0)
System memory in use before: 66.6 MB.
System memory in use after: 66.7 MB.

Unloading 6 unused Assets to reduce memory usage. Loaded Objects now: 1831.
Total: 2.374600 ms (FindLiveObjects: 0.194300 ms CreateObjectMapping: 0.055900 ms MarkObjects: 2.058900 ms  DeleteObjects: 0.064300 ms)

========================================================================
Received Prepare
Registering precompiled user dll's ...
Registered in 0.000706 seconds.
Begin MonoManager ReloadAssembly
Native extension for WindowsStandalone target not found
Refreshing native plugins compatible for Editor in 0.28 ms, found 0 plugins.
Preloading 0 native plugins for Editor in 0.00 ms.
Mono: successfully reloaded assembly
- Completed reload, in  0.959 seconds
Platform modules already initialized, skipping
Refreshing native plugins compatible for Editor in 0.23 ms, found 0 plugins.
Preloading 0 native plugins for Editor in 0.00 ms.
Unloading 1266 Unused Serialized files (Serialized files now loaded: 0)
System memory in use before: 66.6 MB.
System memory in use after: 66.7 MB.

Unloading 6 unused Assets to reduce memory usage. Loaded Objects now: 1834.
Total: 1.888800 ms (FindLiveObjects: 0.185400 ms CreateObjectMapping: 0.048400 ms MarkObjects: 1.599100 ms  DeleteObjects: 0.054600 ms)

========================================================================
Received Prepare
Registering precompiled user dll's ...
Registered in 0.000735 seconds.
Begin MonoManager ReloadAssembly
Native extension for WindowsStandalone target not found
Refreshing native plugins compatible for Editor in 0.24 ms, found 0 plugins.
Preloading 0 native plugins for Editor in 0.00 ms.
Mono: successfully reloaded assembly
- Completed reload, in  0.887 seconds
Platform modules already initialized, skipping
Refreshing native plugins compatible for Editor in 0.23 ms, found 0 plugins.
Preloading 0 native plugins for Editor in 0.00 ms.
Unloading 1266 Unused Serialized files (Serialized files now loaded: 0)
System memory in use before: 66.6 MB.
System memory in use after: 66.7 MB.

Unloading 6 unused Assets to reduce memory usage. Loaded Objects now: 1837.
Total: 1.801200 ms (FindLiveObjects: 0.153300 ms CreateObjectMapping: 0.048900 ms MarkObjects: 1.550700 ms  DeleteObjects: 0.047400 ms)

========================================================================
Received Prepare
Registering precompiled user dll's ...
Registered in 0.000651 seconds.
Begin MonoManager ReloadAssembly
Native extension for WindowsStandalone target not found
Refreshing native plugins compatible for Editor in 0.23 ms, found 0 plugins.
Preloading 0 native plugins for Editor in 0.00 ms.
Mono: successfully reloaded assembly
- Completed reload, in  0.862 seconds
Platform modules already initialized, skipping
Refreshing native plugins compatible for Editor in 0.27 ms, found 0 plugins.
Preloading 0 native plugins for Editor in 0.00 ms.
Unloading 1266 Unused Serialized files (Serialized files now loaded: 0)
System memory in use before: 66.6 MB.
System memory in use after: 66.7 MB.

Unloading 6 unused Assets to reduce memory usage. Loaded Objects now: 1840.
Total: 1.947100 ms (FindLiveObjects: 0.147700 ms CreateObjectMapping: 0.041400 ms MarkObjects: 1.701000 ms  DeleteObjects: 0.055900 ms)

========================================================================
Received Prepare
Registering precompiled user dll's ...
Registered in 0.000889 seconds.
Begin MonoManager ReloadAssembly
Native extension for WindowsStandalone target not found
Refreshing native plugins compatible for Editor in 0.34 ms, found 0 plugins.
Preloading 0 native plugins for Editor in 0.00 ms.
Mono: successfully reloaded assembly
- Completed reload, in  1.081 seconds
Platform modules already initialized, skipping
Refreshing native plugins compatible for Editor in 0.24 ms, found 0 plugins.
Preloading 0 native plugins for Editor in 0.00 ms.
Unloading 1266 Unused Serialized files (Serialized files now loaded: 0)
System memory in use before: 66.6 MB.
System memory in use after: 66.7 MB.

Unloading 6 unused Assets to reduce memory usage. Loaded Objects now: 1843.
Total: 2.266500 ms (FindLiveObjects: 0.191800 ms CreateObjectMapping: 0.058000 ms MarkObjects: 1.962700 ms  DeleteObjects: 0.052900 ms)

========================================================================
Received Prepare
Registering precompiled user dll's ...
Registered in 0.000624 seconds.
Begin MonoManager ReloadAssembly
Native extension for WindowsStandalone target not found
Refreshing native plugins compatible for Editor in 0.24 ms, found 0 plugins.
Preloading 0 native plugins for Editor in 0.00 ms.
Mono: successfully reloaded assembly
- Completed reload, in  0.877 seconds
Platform modules already initialized, skipping
Refreshing native plugins compatible for Editor in 0.23 ms, found 0 plugins.
Preloading 0 native plugins for Editor in 0.00 ms.
Unloading 1266 Unused Serialized files (Serialized files now loaded: 0)
System memory in use before: 66.6 MB.
System memory in use after: 66.7 MB.

Unloading 6 unused Assets to reduce memory usage. Loaded Objects now: 1846.
Total: 2.376800 ms (FindLiveObjects: 0.203600 ms CreateObjectMapping: 0.057100 ms MarkObjects: 2.057800 ms  DeleteObjects: 0.057400 ms)

========================================================================
Received Prepare
Registering precompiled user dll's ...
Registered in 0.000742 seconds.
Begin MonoManager ReloadAssembly
Native extension for WindowsStandalone target not found
Refreshing native plugins compatible for Editor in 0.23 ms, found 0 plugins.
Preloading 0 native plugins for Editor in 0.00 ms.
Mono: successfully reloaded assembly
- Completed reload, in  0.870 seconds
Platform modules already initialized, skipping
Refreshing native plugins compatible for Editor in 0.23 ms, found 0 plugins.
Preloading 0 native plugins for Editor in 0.00 ms.
Unloading 1266 Unused Serialized files (Serialized files now loaded: 0)
System memory in use before: 66.6 MB.
System memory in use after: 66.7 MB.

Unloading 6 unused Assets to reduce memory usage. Loaded Objects now: 1849.
Total: 2.596600 ms (FindLiveObjects: 0.223000 ms CreateObjectMapping: 0.069800 ms MarkObjects: 2.241700 ms  DeleteObjects: 0.060500 ms)

========================================================================
Received Prepare
Registering precompiled user dll's ...
Registered in 0.000680 seconds.
Begin MonoManager ReloadAssembly
Native extension for WindowsStandalone target not found
Refreshing native plugins compatible for Editor in 0.21 ms, found 0 plugins.
Preloading 0 native plugins for Editor in 0.00 ms.
Mono: successfully reloaded assembly
- Completed reload, in  0.854 seconds
Platform modules already initialized, skipping
Refreshing native plugins compatible for Editor in 0.22 ms, found 0 plugins.
Preloading 0 native plugins for Editor in 0.00 ms.
Unloading 1266 Unused Serialized files (Serialized files now loaded: 0)
System memory in use before: 66.6 MB.
System memory in use after: 66.7 MB.

Unloading 6 unused Assets to reduce memory usage. Loaded Objects now: 1852.
Total: 2.729400 ms (FindLiveObjects: 0.203600 ms CreateObjectMapping: 0.071700 ms MarkObjects: 2.384600 ms  DeleteObjects: 0.068400 ms)

========================================================================
Received Import Request.
  Time since last request: 666.765727 seconds.
  path: Assets/CarTemplates(scriptable)/ToyotaSupra.asset
  artifactKey: Guid(2553619519ca4064e9b11b1d9b5ef22f) Importer(815301076,1909f56bfc062723c751e8b465ee728b)
Start importing Assets/CarTemplates(scriptable)/ToyotaSupra.asset using Guid(2553619519ca4064e9b11b1d9b5ef22f) Importer(815301076,1909f56bfc062723c751e8b465ee728b)  -> (artifact id: '2647b9069e62ab0320ad6d87a2e535ce') in 0.029467 seconds
  Import took 0.032539 seconds .

========================================================================
Received Prepare
Registering precompiled user dll's ...
Registered in 0.000776 seconds.
Begin MonoManager ReloadAssembly
Native extension for WindowsStandalone target not found
Refreshing native plugins compatible for Editor in 0.24 ms, found 0 plugins.
Preloading 0 native plugins for Editor in 0.00 ms.
Mono: successfully reloaded assembly
- Completed reload, in  0.932 seconds
Platform modules already initialized, skipping
Refreshing native plugins compatible for Editor in 0.22 ms, found 0 plugins.
Preloading 0 native plugins for Editor in 0.00 ms.
Unloading 1266 Unused Serialized files (Serialized files now loaded: 0)
System memory in use before: 66.7 MB.
System memory in use after: 66.7 MB.

Unloading 6 unused Assets to reduce memory usage. Loaded Objects now: 1855.
Total: 1.770900 ms (FindLiveObjects: 0.176500 ms CreateObjectMapping: 0.044000 ms MarkObjects: 1.497200 ms  DeleteObjects: 0.052100 ms)

========================================================================
Received Prepare
Registering precompiled user dll's ...
Registered in 0.000790 seconds.
Begin MonoManager ReloadAssembly
Native extension for WindowsStandalone target not found
Refreshing native plugins compatible for Editor in 0.24 ms, found 0 plugins.
Preloading 0 native plugins for Editor in 0.00 ms.
Mono: successfully reloaded assembly
- Completed reload, in  0.878 seconds
Platform modules already initialized, skipping
Refreshing native plugins compatible for Editor in 0.24 ms, found 0 plugins.
Preloading 0 native plugins for Editor in 0.00 ms.
Unloading 1266 Unused Serialized files (Serialized files now loaded: 0)
System memory in use before: 66.7 MB.
System memory in use after: 66.7 MB.

Unloading 6 unused Assets to reduce memory usage. Loaded Objects now: 1858.
Total: 1.848200 ms (FindLiveObjects: 0.162500 ms CreateObjectMapping: 0.050700 ms MarkObjects: 1.589000 ms  DeleteObjects: 0.045000 ms)

========================================================================
Received Prepare
Registering precompiled user dll's ...
Registered in 0.000712 seconds.
Begin MonoManager ReloadAssembly
Native extension for WindowsStandalone target not found
Refreshing native plugins compatible for Editor in 0.36 ms, found 0 plugins.
Preloading 0 native plugins for Editor in 0.00 ms.
Mono: successfully reloaded assembly
- Completed reload, in  0.890 seconds
Platform modules already initialized, skipping
Refreshing native plugins compatible for Editor in 0.22 ms, found 0 plugins.
Preloading 0 native plugins for Editor in 0.00 ms.
Unloading 1266 Unused Serialized files (Serialized files now loaded: 0)
System memory in use before: 66.7 MB.
System memory in use after: 66.8 MB.

Unloading 6 unused Assets to reduce memory usage. Loaded Objects now: 1861.
Total: 2.684300 ms (FindLiveObjects: 0.237100 ms CreateObjectMapping: 0.062500 ms MarkObjects: 2.319300 ms  DeleteObjects: 0.063900 ms)

========================================================================
Received Import Request.
  Time since last request: 277.660153 seconds.
  path: Assets/CarTemplates(scriptable)/ToyotaSupra.asset
  artifactKey: Guid(2553619519ca4064e9b11b1d9b5ef22f) Importer(815301076,1909f56bfc062723c751e8b465ee728b)
Start importing Assets/CarTemplates(scriptable)/ToyotaSupra.asset using Guid(2553619519ca4064e9b11b1d9b5ef22f) Importer(815301076,1909f56bfc062723c751e8b465ee728b)  -> (artifact id: '981310c11ae5345d4231ec726985d035') in 0.021198 seconds
  Import took 0.024212 seconds .

========================================================================
Received Import Request.
  Time since last request: 92.267482 seconds.
  path: Assets/CarTemplates(scriptable)/ToyotaSupra.asset
  artifactKey: Guid(2553619519ca4064e9b11b1d9b5ef22f) Importer(815301076,1909f56bfc062723c751e8b465ee728b)
Start importing Assets/CarTemplates(scriptable)/ToyotaSupra.asset using Guid(2553619519ca4064e9b11b1d9b5ef22f) Importer(815301076,1909f56bfc062723c751e8b465ee728b)  -> (artifact id: '472b329de33271722bb79df2fa5709e3') in 0.010173 seconds
  Import took 0.013181 seconds .

========================================================================
Received Prepare
Registering precompiled user dll's ...
Registered in 0.000779 seconds.
Begin MonoManager ReloadAssembly
Native extension for WindowsStandalone target not found
Refreshing native plugins compatible for Editor in 0.24 ms, found 0 plugins.
Preloading 0 native plugins for Editor in 0.00 ms.
Mono: successfully reloaded assembly
- Completed reload, in  0.907 seconds
Platform modules already initialized, skipping
Refreshing native plugins compatible for Editor in 0.24 ms, found 0 plugins.
Preloading 0 native plugins for Editor in 0.00 ms.
Unloading 1266 Unused Serialized files (Serialized files now loaded: 0)
System memory in use before: 66.7 MB.
System memory in use after: 66.8 MB.

Unloading 6 unused Assets to reduce memory usage. Loaded Objects now: 1864.
Total: 1.752600 ms (FindLiveObjects: 0.171400 ms CreateObjectMapping: 0.040500 ms MarkObjects: 1.491200 ms  DeleteObjects: 0.048400 ms)

========================================================================
Received Import Request.
  Time since last request: 63.685073 seconds.
  path: Assets/CarTemplates(scriptable)/ToyotaSupra.asset
  artifactKey: Guid(2553619519ca4064e9b11b1d9b5ef22f) Importer(815301076,1909f56bfc062723c751e8b465ee728b)
Start importing Assets/CarTemplates(scriptable)/ToyotaSupra.asset using Guid(2553619519ca4064e9b11b1d9b5ef22f) Importer(815301076,1909f56bfc062723c751e8b465ee728b)  -> (artifact id: 'fbcfe13a8d7352bcc0ee22b5b68bb16c') in 0.027230 seconds
  Import took 0.030501 seconds .

========================================================================
Received Prepare
Registering precompiled user dll's ...
Registered in 0.000679 seconds.
Begin MonoManager ReloadAssembly
Native extension for WindowsStandalone target not found
Refreshing native plugins compatible for Editor in 0.23 ms, found 0 plugins.
Preloading 0 native plugins for Editor in 0.00 ms.
Mono: successfully reloaded assembly
- Completed reload, in  0.915 seconds
Platform modules already initialized, skipping
Refreshing native plugins compatible for Editor in 0.22 ms, found 0 plugins.
Preloading 0 native plugins for Editor in 0.00 ms.
Unloading 1266 Unused Serialized files (Serialized files now loaded: 0)
System memory in use before: 66.7 MB.
System memory in use after: 66.8 MB.

Unloading 6 unused Assets to reduce memory usage. Loaded Objects now: 1867.
Total: 2.497500 ms (FindLiveObjects: 0.233100 ms CreateObjectMapping: 0.074900 ms MarkObjects: 2.122000 ms  DeleteObjects: 0.066400 ms)

========================================================================
Received Import Request.
  Time since last request: 83.589992 seconds.
  path: Assets/CarTemplates(scriptable)/ToyotaSupra.asset
  artifactKey: Guid(2553619519ca4064e9b11b1d9b5ef22f) Importer(815301076,1909f56bfc062723c751e8b465ee728b)
Start importing Assets/CarTemplates(scriptable)/ToyotaSupra.asset using Guid(2553619519ca4064e9b11b1d9b5ef22f) Importer(815301076,1909f56bfc062723c751e8b465ee728b)  -> (artifact id: 'c6ff92a3b5d9fd64bd623b52d0008911') in 0.024880 seconds
  Import took 0.028322 seconds .

========================================================================
Received Prepare
Registering precompiled user dll's ...
Registered in 0.000862 seconds.
Begin MonoManager ReloadAssembly
Native extension for WindowsStandalone target not found
Refreshing native plugins compatible for Editor in 0.29 ms, found 0 plugins.
Preloading 0 native plugins for Editor in 0.00 ms.
Mono: successfully reloaded assembly
- Completed reload, in  1.060 seconds
Platform modules already initialized, skipping
Refreshing native plugins compatible for Editor in 0.23 ms, found 0 plugins.
Preloading 0 native plugins for Editor in 0.00 ms.
Unloading 1266 Unused Serialized files (Serialized files now loaded: 0)
System memory in use before: 66.7 MB.
System memory in use after: 66.8 MB.

Unloading 6 unused Assets to reduce memory usage. Loaded Objects now: 1870.
Total: 2.195900 ms (FindLiveObjects: 0.252200 ms CreateObjectMapping: 0.065300 ms MarkObjects: 1.823400 ms  DeleteObjects: 0.053500 ms)

========================================================================
Received Import Request.
  Time since last request: 41.007377 seconds.
  path: Assets/CarTemplates(scriptable)/ToyotaSupra.asset
  artifactKey: Guid(2553619519ca4064e9b11b1d9b5ef22f) Importer(815301076,1909f56bfc062723c751e8b465ee728b)
Start importing Assets/CarTemplates(scriptable)/ToyotaSupra.asset using Guid(2553619519ca4064e9b11b1d9b5ef22f) Importer(815301076,1909f56bfc062723c751e8b465ee728b)  -> (artifact id: 'af31b8116a04dd177b681db7139b982b') in 0.023166 seconds
  Import took 0.026088 seconds .

========================================================================
Received Prepare
Registering precompiled user dll's ...
Registered in 0.000707 seconds.
Begin MonoManager ReloadAssembly
Native extension for WindowsStandalone target not found
Refreshing native plugins compatible for Editor in 0.83 ms, found 0 plugins.
Preloading 0 native plugins for Editor in 0.00 ms.
Mono: successfully reloaded assembly
- Completed reload, in  1.057 seconds
Platform modules already initialized, skipping
Refreshing native plugins compatible for Editor in 0.24 ms, found 0 plugins.
Preloading 0 native plugins for Editor in 0.00 ms.
Unloading 1266 Unused Serialized files (Serialized files now loaded: 0)
System memory in use before: 66.7 MB.
System memory in use after: 66.8 MB.

Unloading 6 unused Assets to reduce memory usage. Loaded Objects now: 1873.
Total: 2.365500 ms (FindLiveObjects: 0.308400 ms CreateObjectMapping: 0.074700 ms MarkObjects: 1.920200 ms  DeleteObjects: 0.060600 ms)

========================================================================
Received Import Request.
  Time since last request: 121.650164 seconds.
  path: Assets/CarTemplates(scriptable)/ToyotaSupra.asset
  artifactKey: Guid(2553619519ca4064e9b11b1d9b5ef22f) Importer(815301076,1909f56bfc062723c751e8b465ee728b)
Start importing Assets/CarTemplates(scriptable)/ToyotaSupra.asset using Guid(2553619519ca4064e9b11b1d9b5ef22f) Importer(815301076,1909f56bfc062723c751e8b465ee728b)  -> (artifact id: 'f9b535ef1965aa7c907a518695a5f28d') in 0.028140 seconds
  Import took 0.031099 seconds .

========================================================================
Received Import Request.
  Time since last request: 8.786527 seconds.
  path: Assets/CarTemplates(scriptable)/ToyotaSupra.asset
  artifactKey: Guid(2553619519ca4064e9b11b1d9b5ef22f) Importer(815301076,1909f56bfc062723c751e8b465ee728b)
Start importing Assets/CarTemplates(scriptable)/ToyotaSupra.asset using Guid(2553619519ca4064e9b11b1d9b5ef22f) Importer(815301076,1909f56bfc062723c751e8b465ee728b)  -> (artifact id: '8381a4a79365720e1cb8f3d9f12e8694') in 0.008552 seconds
  Import took 0.011188 seconds .

========================================================================
Received Import Request.
  Time since last request: 49.687905 seconds.
  path: Assets/CarTemplates(scriptable)/ToyotaSupra.asset
  artifactKey: Guid(2553619519ca4064e9b11b1d9b5ef22f) Importer(815301076,1909f56bfc062723c751e8b465ee728b)
Start importing Assets/CarTemplates(scriptable)/ToyotaSupra.asset using Guid(2553619519ca4064e9b11b1d9b5ef22f) Importer(815301076,1909f56bfc062723c751e8b465ee728b)  -> (artifact id: 'bff51757ef6d11bb0c04f3994a9f7748') in 0.010428 seconds
  Import took 0.013467 seconds .

========================================================================
Received Import Request.
  Time since last request: 47.435259 seconds.
  path: Assets/CarTemplates(scriptable)/ToyotaSupra.asset
  artifactKey: Guid(2553619519ca4064e9b11b1d9b5ef22f) Importer(815301076,1909f56bfc062723c751e8b465ee728b)
Start importing Assets/CarTemplates(scriptable)/ToyotaSupra.asset using Guid(2553619519ca4064e9b11b1d9b5ef22f) Importer(815301076,1909f56bfc062723c751e8b465ee728b)  -> (artifact id: '0534ff752468cdf93d64177f6c5601fa') in 0.007886 seconds
  Import took 0.010705 seconds .

========================================================================
Received Import Request.
  Time since last request: 39.796250 seconds.
  path: Assets/CarTemplates(scriptable)/ToyotaSupra.asset
  artifactKey: Guid(2553619519ca4064e9b11b1d9b5ef22f) Importer(815301076,1909f56bfc062723c751e8b465ee728b)
Start importing Assets/CarTemplates(scriptable)/ToyotaSupra.asset using Guid(2553619519ca4064e9b11b1d9b5ef22f) Importer(815301076,1909f56bfc062723c751e8b465ee728b)  -> (artifact id: '3c1b8a000214a9064e4133bd09c3e499') in 0.008954 seconds
  Import took 0.011665 seconds .

========================================================================
Received Import Request.
  Time since last request: 36.378418 seconds.
  path: Assets/CarTemplates(scriptable)/ToyotaSupra.asset
  artifactKey: Guid(2553619519ca4064e9b11b1d9b5ef22f) Importer(815301076,1909f56bfc062723c751e8b465ee728b)
Start importing Assets/CarTemplates(scriptable)/ToyotaSupra.asset using Guid(2553619519ca4064e9b11b1d9b5ef22f) Importer(815301076,1909f56bfc062723c751e8b465ee728b)  -> (artifact id: 'e377a820bda9a180a9894b3c7331ceb7') in 0.009105 seconds
  Import took 0.011918 seconds .

========================================================================
Received Import Request.
  Time since last request: 58.691853 seconds.
  path: Assets/CarTemplates(scriptable)/ToyotaSupra.asset
  artifactKey: Guid(2553619519ca4064e9b11b1d9b5ef22f) Importer(815301076,1909f56bfc062723c751e8b465ee728b)
Start importing Assets/CarTemplates(scriptable)/ToyotaSupra.asset using Guid(2553619519ca4064e9b11b1d9b5ef22f) Importer(815301076,1909f56bfc062723c751e8b465ee728b)  -> (artifact id: 'cb3b1bd834eb5388bbd6bb01cd4a02f5') in 0.009932 seconds
  Import took 0.012729 seconds .

========================================================================
Received Import Request.
  Time since last request: 81.181646 seconds.
  path: Assets/CarTemplates(scriptable)/ToyotaSupra.asset
  artifactKey: Guid(2553619519ca4064e9b11b1d9b5ef22f) Importer(815301076,1909f56bfc062723c751e8b465ee728b)
Start importing Assets/CarTemplates(scriptable)/ToyotaSupra.asset using Guid(2553619519ca4064e9b11b1d9b5ef22f) Importer(815301076,1909f56bfc062723c751e8b465ee728b)  -> (artifact id: '443f4079a565e5503c3bb6b4af9fd5ce') in 0.008974 seconds
  Import took 0.011934 seconds .

========================================================================
Received Import Request.
  Time since last request: 40.206347 seconds.
  path: Assets/CarTemplates(scriptable)/ToyotaSupra.asset
  artifactKey: Guid(2553619519ca4064e9b11b1d9b5ef22f) Importer(815301076,1909f56bfc062723c751e8b465ee728b)
Start importing Assets/CarTemplates(scriptable)/ToyotaSupra.asset using Guid(2553619519ca4064e9b11b1d9b5ef22f) Importer(815301076,1909f56bfc062723c751e8b465ee728b)  -> (artifact id: 'f48742ca4bd7f85588471c80aa2772b5') in 0.010658 seconds
  Import took 0.013996 seconds .

========================================================================
Received Prepare
Registering precompiled user dll's ...
Registered in 0.000648 seconds.
Begin MonoManager ReloadAssembly
Native extension for WindowsStandalone target not found
Refreshing native plugins compatible for Editor in 0.23 ms, found 0 plugins.
Preloading 0 native plugins for Editor in 0.00 ms.
Mono: successfully reloaded assembly
- Completed reload, in  0.847 seconds
Platform modules already initialized, skipping
Refreshing native plugins compatible for Editor in 0.27 ms, found 0 plugins.
Preloading 0 native plugins for Editor in 0.00 ms.
Unloading 1266 Unused Serialized files (Serialized files now loaded: 0)
System memory in use before: 66.7 MB.
System memory in use after: 66.8 MB.

Unloading 6 unused Assets to reduce memory usage. Loaded Objects now: 1876.
Total: 2.285700 ms (FindLiveObjects: 0.261100 ms CreateObjectMapping: 0.076100 ms MarkObjects: 1.883300 ms  DeleteObjects: 0.064000 ms)

========================================================================
Received Import Request.
  Time since last request: 48.678535 seconds.
  path: Assets/CarTemplates(scriptable)/ToyotaSupra.asset
  artifactKey: Guid(2553619519ca4064e9b11b1d9b5ef22f) Importer(815301076,1909f56bfc062723c751e8b465ee728b)
Start importing Assets/CarTemplates(scriptable)/ToyotaSupra.asset using Guid(2553619519ca4064e9b11b1d9b5ef22f) Importer(815301076,1909f56bfc062723c751e8b465ee728b)  -> (artifact id: '1b463d519a575bcb5d69842d145e04e8') in 0.023923 seconds
  Import took 0.027221 seconds .

========================================================================
Received Import Request.
  Time since last request: 4.067955 seconds.
  path: Assets/CarTemplates(scriptable)/ToyotaSupra.asset
  artifactKey: Guid(2553619519ca4064e9b11b1d9b5ef22f) Importer(815301076,1909f56bfc062723c751e8b465ee728b)
Start importing Assets/CarTemplates(scriptable)/ToyotaSupra.asset using Guid(2553619519ca4064e9b11b1d9b5ef22f) Importer(815301076,1909f56bfc062723c751e8b465ee728b)  -> (artifact id: '1b463d519a575bcb5d69842d145e04e8') in 0.008946 seconds
  Import took 0.011910 seconds .

========================================================================
Received Prepare
Registering precompiled user dll's ...
Registered in 0.000670 seconds.
Begin MonoManager ReloadAssembly
Native extension for WindowsStandalone target not found
Refreshing native plugins compatible for Editor in 0.25 ms, found 0 plugins.
Preloading 0 native plugins for Editor in 0.00 ms.
Mono: successfully reloaded assembly
- Completed reload, in  0.950 seconds
Platform modules already initialized, skipping
Refreshing native plugins compatible for Editor in 0.24 ms, found 0 plugins.
Preloading 0 native plugins for Editor in 0.00 ms.
Unloading 1266 Unused Serialized files (Serialized files now loaded: 0)
System memory in use before: 66.7 MB.
System memory in use after: 66.8 MB.

Unloading 6 unused Assets to reduce memory usage. Loaded Objects now: 1879.
Total: 1.706400 ms (FindLiveObjects: 0.167700 ms CreateObjectMapping: 0.049900 ms MarkObjects: 1.441400 ms  DeleteObjects: 0.046600 ms)

========================================================================
Received Import Request.
  Time since last request: 42.820706 seconds.
  path: Assets/CarTemplates(scriptable)/ToyotaSupra.asset
  artifactKey: Guid(2553619519ca4064e9b11b1d9b5ef22f) Importer(815301076,1909f56bfc062723c751e8b465ee728b)
Start importing Assets/CarTemplates(scriptable)/ToyotaSupra.asset using Guid(2553619519ca4064e9b11b1d9b5ef22f) Importer(815301076,1909f56bfc062723c751e8b465ee728b)  -> (artifact id: '54dacfd03bb7ab9f740618f3cde30a78') in 0.020389 seconds
  Import took 0.023093 seconds .

========================================================================
Received Import Request.
  Time since last request: 3.972494 seconds.
  path: Assets/CarTemplates(scriptable)/ToyotaSupra.asset
  artifactKey: Guid(2553619519ca4064e9b11b1d9b5ef22f) Importer(815301076,1909f56bfc062723c751e8b465ee728b)
Start importing Assets/CarTemplates(scriptable)/ToyotaSupra.asset using Guid(2553619519ca4064e9b11b1d9b5ef22f) Importer(815301076,1909f56bfc062723c751e8b465ee728b)  -> (artifact id: '54dacfd03bb7ab9f740618f3cde30a78') in 0.007407 seconds
  Import took 0.009914 seconds .

========================================================================
Received Prepare
Registering precompiled user dll's ...
Registered in 0.000729 seconds.
Begin MonoManager ReloadAssembly
Native extension for WindowsStandalone target not found
Refreshing native plugins compatible for Editor in 0.29 ms, found 0 plugins.
Preloading 0 native plugins for Editor in 0.00 ms.
Mono: successfully reloaded assembly
- Completed reload, in  1.064 seconds
Platform modules already initialized, skipping
Refreshing native plugins compatible for Editor in 0.25 ms, found 0 plugins.
Preloading 0 native plugins for Editor in 0.00 ms.
Unloading 1266 Unused Serialized files (Serialized files now loaded: 0)
System memory in use before: 66.7 MB.
System memory in use after: 66.8 MB.

Unloading 6 unused Assets to reduce memory usage. Loaded Objects now: 1882.
Total: 2.701100 ms (FindLiveObjects: 0.215000 ms CreateObjectMapping: 0.077500 ms MarkObjects: 2.346000 ms  DeleteObjects: 0.061300 ms)

========================================================================
Received Import Request.
  Time since last request: 58.187765 seconds.
  path: Assets/CarTemplates(scriptable)/ToyotaSupra.asset
  artifactKey: Guid(2553619519ca4064e9b11b1d9b5ef22f) Importer(815301076,1909f56bfc062723c751e8b465ee728b)
Start importing Assets/CarTemplates(scriptable)/ToyotaSupra.asset using Guid(2553619519ca4064e9b11b1d9b5ef22f) Importer(815301076,1909f56bfc062723c751e8b465ee728b)  -> (artifact id: 'a52b9239f21d8888f46f344d4a0c117e') in 0.031383 seconds
  Import took 0.035227 seconds .

========================================================================
Received Prepare
Registering precompiled user dll's ...
Registered in 0.000744 seconds.
Begin MonoManager ReloadAssembly
Native extension for WindowsStandalone target not found
Refreshing native plugins compatible for Editor in 0.23 ms, found 0 plugins.
Preloading 0 native plugins for Editor in 0.00 ms.
Mono: successfully reloaded assembly
- Completed reload, in  0.913 seconds
Platform modules already initialized, skipping
Refreshing native plugins compatible for Editor in 0.29 ms, found 0 plugins.
Preloading 0 native plugins for Editor in 0.00 ms.
Unloading 1266 Unused Serialized files (Serialized files now loaded: 0)
System memory in use before: 66.7 MB.
System memory in use after: 66.8 MB.

Unloading 6 unused Assets to reduce memory usage. Loaded Objects now: 1885.
Total: 2.014800 ms (FindLiveObjects: 0.170500 ms CreateObjectMapping: 0.047500 ms MarkObjects: 1.742800 ms  DeleteObjects: 0.052500 ms)

========================================================================
Received Import Request.
  Time since last request: 109.744944 seconds.
  path: Assets/CarTemplates(scriptable)/ToyotaSupra.asset
  artifactKey: Guid(2553619519ca4064e9b11b1d9b5ef22f) Importer(815301076,1909f56bfc062723c751e8b465ee728b)
Start importing Assets/CarTemplates(scriptable)/ToyotaSupra.asset using Guid(2553619519ca4064e9b11b1d9b5ef22f) Importer(815301076,1909f56bfc062723c751e8b465ee728b)  -> (artifact id: 'f90411f7dc74a9df3e3d24665242954e') in 0.021299 seconds
  Import took 0.024472 seconds .

========================================================================
Received Import Request.
  Time since last request: 4.241246 seconds.
  path: Assets/CarTemplates(scriptable)/ToyotaSupra.asset
  artifactKey: Guid(2553619519ca4064e9b11b1d9b5ef22f) Importer(815301076,1909f56bfc062723c751e8b465ee728b)
Start importing Assets/CarTemplates(scriptable)/ToyotaSupra.asset using Guid(2553619519ca4064e9b11b1d9b5ef22f) Importer(815301076,1909f56bfc062723c751e8b465ee728b)  -> (artifact id: 'f90411f7dc74a9df3e3d24665242954e') in 0.009797 seconds
  Import took 0.012512 seconds .

========================================================================
Received Prepare
Registering precompiled user dll's ...
Registered in 0.000616 seconds.
Begin MonoManager ReloadAssembly
Native extension for WindowsStandalone target not found
Refreshing native plugins compatible for Editor in 0.26 ms, found 0 plugins.
Preloading 0 native plugins for Editor in 0.00 ms.
Mono: successfully reloaded assembly
- Completed reload, in  1.029 seconds
Platform modules already initialized, skipping
Refreshing native plugins compatible for Editor in 0.25 ms, found 0 plugins.
Preloading 0 native plugins for Editor in 0.00 ms.
Unloading 1266 Unused Serialized files (Serialized files now loaded: 0)
System memory in use before: 66.7 MB.
System memory in use after: 66.8 MB.

Unloading 6 unused Assets to reduce memory usage. Loaded Objects now: 1888.
Total: 2.352500 ms (FindLiveObjects: 0.185500 ms CreateObjectMapping: 0.062200 ms MarkObjects: 2.040500 ms  DeleteObjects: 0.063200 ms)

========================================================================
Received Import Request.
  Time since last request: 73.174033 seconds.
  path: Assets/CarTemplates(scriptable)/ToyotaSupra.asset
  artifactKey: Guid(2553619519ca4064e9b11b1d9b5ef22f) Importer(815301076,1909f56bfc062723c751e8b465ee728b)
Start importing Assets/CarTemplates(scriptable)/ToyotaSupra.asset using Guid(2553619519ca4064e9b11b1d9b5ef22f) Importer(815301076,1909f56bfc062723c751e8b465ee728b)  -> (artifact id: '0e974ef64d1a8a6aa752eb2816425907') in 0.026645 seconds
  Import took 0.029721 seconds .

========================================================================
Received Prepare
Registering precompiled user dll's ...
Registered in 0.000659 seconds.
Begin MonoManager ReloadAssembly
Native extension for WindowsStandalone target not found
Refreshing native plugins compatible for Editor in 0.25 ms, found 0 plugins.
Preloading 0 native plugins for Editor in 0.00 ms.
Mono: successfully reloaded assembly
- Completed reload, in  0.948 seconds
Platform modules already initialized, skipping
Refreshing native plugins compatible for Editor in 0.24 ms, found 0 plugins.
Preloading 0 native plugins for Editor in 0.00 ms.
Unloading 1266 Unused Serialized files (Serialized files now loaded: 0)
System memory in use before: 66.8 MB.
System memory in use after: 66.8 MB.

Unloading 6 unused Assets to reduce memory usage. Loaded Objects now: 1891.
Total: 1.887400 ms (FindLiveObjects: 0.161000 ms CreateObjectMapping: 0.041300 ms MarkObjects: 1.633900 ms  DeleteObjects: 0.050400 ms)

========================================================================
Received Import Request.
  Time since last request: 131.226190 seconds.
  path: Assets/CarTemplates(scriptable)/ToyotaSupra.asset
  artifactKey: Guid(2553619519ca4064e9b11b1d9b5ef22f) Importer(815301076,1909f56bfc062723c751e8b465ee728b)
Start importing Assets/CarTemplates(scriptable)/ToyotaSupra.asset using Guid(2553619519ca4064e9b11b1d9b5ef22f) Importer(815301076,1909f56bfc062723c751e8b465ee728b)  -> (artifact id: 'bc3c8b931a28a39f247b633026cc57fd') in 0.022493 seconds
  Import took 0.025654 seconds .

========================================================================
Received Prepare
Registering precompiled user dll's ...
Registered in 0.000641 seconds.
Begin MonoManager ReloadAssembly
Native extension for WindowsStandalone target not found
Refreshing native plugins compatible for Editor in 0.22 ms, found 0 plugins.
Preloading 0 native plugins for Editor in 0.00 ms.
Mono: successfully reloaded assembly
- Completed reload, in  0.811 seconds
Platform modules already initialized, skipping
Refreshing native plugins compatible for Editor in 0.23 ms, found 0 plugins.
Preloading 0 native plugins for Editor in 0.00 ms.
Unloading 1266 Unused Serialized files (Serialized files now loaded: 0)
System memory in use before: 66.8 MB.
System memory in use after: 66.8 MB.

Unloading 6 unused Assets to reduce memory usage. Loaded Objects now: 1894.
Total: 2.226700 ms (FindLiveObjects: 0.180200 ms CreateObjectMapping: 0.048600 ms MarkObjects: 1.943200 ms  DeleteObjects: 0.053700 ms)

========================================================================
Received Import Request.
  Time since last request: 171.417805 seconds.
  path: Assets/CarTemplates(scriptable)/ToyotaSupra.asset
  artifactKey: Guid(2553619519ca4064e9b11b1d9b5ef22f) Importer(815301076,1909f56bfc062723c751e8b465ee728b)
Start importing Assets/CarTemplates(scriptable)/ToyotaSupra.asset using Guid(2553619519ca4064e9b11b1d9b5ef22f) Importer(815301076,1909f56bfc062723c751e8b465ee728b)  -> (artifact id: '512fd72053e310758aff23d20657bde0') in 0.021750 seconds
  Import took 0.024458 seconds .

========================================================================
Received Import Request.
  Time since last request: 6.844303 seconds.
  path: Assets/CarTemplates(scriptable)/ToyotaSupra.asset
  artifactKey: Guid(2553619519ca4064e9b11b1d9b5ef22f) Importer(815301076,1909f56bfc062723c751e8b465ee728b)
Start importing Assets/CarTemplates(scriptable)/ToyotaSupra.asset using Guid(2553619519ca4064e9b11b1d9b5ef22f) Importer(815301076,1909f56bfc062723c751e8b465ee728b)  -> (artifact id: '484b11465351b9708bd30aaf122c4d19') in 0.008530 seconds
  Import took 0.011164 seconds .

========================================================================
Received Import Request.
  Time since last request: 210.928012 seconds.
  path: Assets/CarTemplates(scriptable)/ToyotaSupra.asset
  artifactKey: Guid(2553619519ca4064e9b11b1d9b5ef22f) Importer(815301076,1909f56bfc062723c751e8b465ee728b)
Start importing Assets/CarTemplates(scriptable)/ToyotaSupra.asset using Guid(2553619519ca4064e9b11b1d9b5ef22f) Importer(815301076,1909f56bfc062723c751e8b465ee728b)  -> (artifact id: '0aaa0726e6c018f6a80da88f6924eca6') in 0.010630 seconds
  Import took 0.013738 seconds .

========================================================================
Received Import Request.
  Time since last request: 4.947110 seconds.
  path: Assets/CarTemplates(scriptable)/ToyotaSupra.asset
  artifactKey: Guid(2553619519ca4064e9b11b1d9b5ef22f) Importer(815301076,1909f56bfc062723c751e8b465ee728b)
Start importing Assets/CarTemplates(scriptable)/ToyotaSupra.asset using Guid(2553619519ca4064e9b11b1d9b5ef22f) Importer(815301076,1909f56bfc062723c751e8b465ee728b)  -> (artifact id: 'b3a8ea9824eb8fcec892c3a6f8236b93') in 0.008906 seconds
  Import took 0.011593 seconds .

========================================================================
Received Prepare
Registering precompiled user dll's ...
Registered in 0.000709 seconds.
Begin MonoManager ReloadAssembly
Native extension for WindowsStandalone target not found
Refreshing native plugins compatible for Editor in 0.24 ms, found 0 plugins.
Preloading 0 native plugins for Editor in 0.00 ms.
Mono: successfully reloaded assembly
- Completed reload, in  0.886 seconds
Platform modules already initialized, skipping
Refreshing native plugins compatible for Editor in 0.24 ms, found 0 plugins.
Preloading 0 native plugins for Editor in 0.00 ms.
Unloading 1266 Unused Serialized files (Serialized files now loaded: 0)
System memory in use before: 66.8 MB.
System memory in use after: 66.9 MB.

Unloading 6 unused Assets to reduce memory usage. Loaded Objects now: 1897.
Total: 1.843400 ms (FindLiveObjects: 0.183100 ms CreateObjectMapping: 0.051200 ms MarkObjects: 1.556900 ms  DeleteObjects: 0.051400 ms)

========================================================================
Received Prepare
Registering precompiled user dll's ...
Registered in 0.000719 seconds.
Begin MonoManager ReloadAssembly
Native extension for WindowsStandalone target not found
Refreshing native plugins compatible for Editor in 0.30 ms, found 0 plugins.
Preloading 0 native plugins for Editor in 0.00 ms.
Mono: successfully reloaded assembly
- Completed reload, in  1.129 seconds
Platform modules already initialized, skipping
Refreshing native plugins compatible for Editor in 0.23 ms, found 0 plugins.
Preloading 0 native plugins for Editor in 0.00 ms.
Unloading 1266 Unused Serialized files (Serialized files now loaded: 0)
System memory in use before: 66.8 MB.
System memory in use after: 66.9 MB.

Unloading 6 unused Assets to reduce memory usage. Loaded Objects now: 1900.
Total: 1.969400 ms (FindLiveObjects: 0.210200 ms CreateObjectMapping: 0.054200 ms MarkObjects: 1.648300 ms  DeleteObjects: 0.054100 ms)

